npm verbose cli C:\Program Files\nodejs\node.exe C:\Program Files\nodejs\node_modules\npm\bin\npm-cli.js
npm info using npm@10.9.0
npm info using node@v22.11.0
npm verbose title npm install
npm verbose argv "install" "--legacy-peer-deps" "--loglevel" "verbose"
npm verbose logfile logs-max:10 dir:C:\Users\Premiersoft\AppData\Local\npm-cache\_logs\2025-01-08T14_49_42_638Z-
npm verbose logfile C:\Users\Premiersoft\AppData\Local\npm-cache\_logs\2025-01-08T14_49_42_638Z-debug-0.log
npm http fetch GET 200 https://registry.npmjs.org/browserstack-cypress-cli 831ms (cache updated)
npm http fetch GET 200 https://registry.npmjs.org/cypress 76ms (cache updated)
npm http fetch GET 200 https://registry.npmjs.org/axios 90ms (cache updated)
npm http fetch GET 200 https://registry.npmjs.org/async 118ms (cache updated)
npm http fetch GET 200 https://registry.npmjs.org/form-data 138ms (cache updated)
npm http fetch GET 200 https://registry.npmjs.org/archiver 151ms (cache updated)
npm http fetch GET 200 https://registry.npmjs.org/cli-progress 153ms (cache updated)
npm http fetch GET 200 https://registry.npmjs.org/fs-extra 156ms (cache updated)
npm http fetch GET 200 https://registry.npmjs.org/git-repo-info 74ms (cache updated)
npm http fetch GET 200 https://registry.npmjs.org/gitconfiglocal 57ms (cache updated)
npm http fetch GET 200 https://registry.npmjs.org/axios-retry 179ms (cache updated)
npm http fetch GET 200 https://registry.npmjs.org/chalk 183ms (cache updated)
npm http fetch GET 200 https://registry.npmjs.org/glob 84ms (cache updated)
npm http fetch GET 200 https://registry.npmjs.org/node-ipc 88ms (cache updated)
npm http fetch GET 200 https://registry.npmjs.org/table 85ms (cache updated)
npm http fetch GET 200 https://registry.npmjs.org/mkdirp 106ms (cache updated)
npm http fetch GET 200 https://registry.npmjs.org/windows-release 79ms (cache updated)
npm http fetch GET 200 https://registry.npmjs.org/update-notifier 89ms (cache updated)
npm http fetch GET 200 https://registry.npmjs.org/uuid 94ms (cache updated)
npm http fetch GET 200 https://registry.npmjs.org/chalk 10ms (cache hit)
npm http fetch GET 200 https://registry.npmjs.org/winston 85ms (cache updated)
npm http fetch GET 200 https://registry.npmjs.org/decompress 64ms (cache updated)
npm http fetch GET 200 https://registry.npmjs.org/tmp 81ms (cache updated)
npm http fetch GET 200 https://registry.npmjs.org/unzipper 93ms (cache updated)
npm http fetch GET 200 https://registry.npmjs.org/arch 93ms (cache updated)
npm http fetch GET 200 https://registry.npmjs.org/yargs 126ms (cache updated)
npm http fetch GET 200 https://registry.npmjs.org/dayjs 100ms (cache updated)
npm http fetch GET 200 https://registry.npmjs.org/mocha 247ms (cache updated)
npm http fetch GET 200 https://registry.npmjs.org/execa 99ms (cache updated)
npm http fetch GET 200 https://registry.npmjs.org/debug 110ms (cache updated)
npm http fetch GET 200 https://registry.npmjs.org/getos 92ms (cache updated)
npm http fetch GET 200 https://registry.npmjs.org/buffer 94ms (cache updated)
npm http fetch GET 200 https://registry.npmjs.org/listr2 95ms (cache updated)
npm http fetch GET 200 https://registry.npmjs.org/ospath 73ms (cache updated)
npm http fetch GET 200 https://registry.npmjs.org/lodash 105ms (cache updated)
npm http fetch GET 200 https://registry.npmjs.org/semver 74ms (cache updated)
npm http fetch GET 200 https://registry.npmjs.org/ci-info 85ms (cache updated)
npm http fetch GET 200 https://registry.npmjs.org/fs-extra 21ms (cache hit)
npm http fetch GET 200 https://registry.npmjs.org/figures 93ms (cache updated)
npm http fetch GET 200 https://registry.npmjs.org/process 82ms (cache updated)
npm http fetch GET 200 https://registry.npmjs.org/bluebird 66ms (cache updated)
npm http fetch GET 200 https://registry.npmjs.org/cachedir 67ms (cache updated)
npm http fetch GET 200 https://registry.npmjs.org/minimist 54ms (cache updated)
npm http fetch GET 200 https://registry.npmjs.org/enquirer 95ms (cache updated)
npm http fetch GET 200 https://registry.npmjs.org/lazy-ass 92ms (cache updated)
npm http fetch GET 200 https://registry.npmjs.org/untildify 53ms (cache updated)
npm http fetch GET 200 https://registry.npmjs.org/commander 77ms (cache updated)
npm http fetch GET 200 https://registry.npmjs.org/tree-kill 68ms (cache updated)
npm http fetch GET 200 https://registry.npmjs.org/blob-util 101ms (cache updated)
npm http fetch GET 200 https://registry.npmjs.org/cli-cursor 59ms (cache updated)
npm http fetch GET 200 https://registry.npmjs.org/cli-table3 55ms (cache updated)
npm http fetch GET 200 https://registry.npmjs.org/extract-zip 54ms (cache updated)
npm http fetch GET 200 https://registry.npmjs.org/log-symbols 54ms (cache updated)
npm http fetch GET 200 https://registry.npmjs.org/executable 71ms (cache updated)
npm http fetch GET 200 https://registry.npmjs.org/common-tags 70ms (cache updated)
npm http fetch GET 200 https://registry.npmjs.org/pretty-bytes 61ms (cache updated)
npm http fetch GET 200 https://registry.npmjs.org/@cypress%2fxvfb 64ms (cache updated)
npm http fetch GET 200 https://registry.npmjs.org/eventemitter2 62ms (cache updated)
npm http fetch GET 200 https://registry.npmjs.org/proxy-from-env 63ms (cache updated)
npm http fetch GET 200 https://registry.npmjs.org/@types%2fsizzle 89ms (cache updated)
npm http fetch GET 200 https://registry.npmjs.org/browserstack-local 772ms (cache updated)
npm http fetch GET 200 https://registry.npmjs.org/supports-color 95ms (cache updated)
npm http fetch GET 200 https://registry.npmjs.org/request-progress 72ms (cache updated)
npm http fetch GET 200 https://registry.npmjs.org/check-more-types 83ms (cache updated)
npm http fetch GET 200 https://registry.npmjs.org/getmac 797ms (cache updated)
npm http fetch GET 200 https://registry.npmjs.org/@cypress%2frequest 117ms (cache updated)
npm http fetch GET 200 https://registry.npmjs.org/is-installed-globally 69ms (cache updated)
npm http fetch GET 200 https://registry.npmjs.org/git-last-commit 812ms (cache updated)
npm http fetch GET 200 https://registry.npmjs.org/@types%2fsinonjs__fake-timers 70ms (cache updated)
npm http fetch GET 200 https://registry.npmjs.org/yauzl 740ms (cache updated)
npm http fetch GET 200 https://registry.npmjs.org/async 17ms (cache hit)
npm http fetch GET 200 https://registry.npmjs.org/proxy-from-env 32ms (cache hit)
npm http fetch GET 200 https://registry.npmjs.org/buffer-crc32 64ms (cache updated)
npm http fetch GET 200 https://registry.npmjs.org/archiver-utils 80ms (cache updated)
npm http fetch GET 200 https://registry.npmjs.org/tar-stream 80ms (cache updated)
npm http fetch GET 200 https://registry.npmjs.org/zip-stream 82ms (cache updated)
npm http fetch GET 200 https://registry.npmjs.org/readable-stream 86ms (cache updated)
npm http fetch GET 200 https://registry.npmjs.org/readdir-glob 95ms (cache updated)
npm http fetch GET 200 https://registry.npmjs.org/follow-redirects 96ms (cache updated)
npm http fetch GET 200 https://registry.npmjs.org/supports-color 11ms (cache hit)
npm http fetch GET 200 https://registry.npmjs.org/ps-tree 93ms (cache updated)
npm http fetch GET 200 https://registry.npmjs.org/agent-base 66ms (cache updated)
npm http fetch GET 200 https://registry.npmjs.org/https-proxy-agent 58ms (cache updated)
npm http fetch GET 200 https://registry.npmjs.org/@babel%2fruntime 147ms (cache updated)
npm http fetch GET 200 https://registry.npmjs.org/decompress-tar 74ms (cache updated)
npm http fetch GET 200 https://registry.npmjs.org/ansi-styles 90ms (cache updated)
npm http fetch GET 200 https://registry.npmjs.org/decompress-tarbz2 73ms (cache updated)
npm http fetch GET 200 https://registry.npmjs.org/decompress-unzip 53ms (cache updated)
npm http fetch GET 200 https://registry.npmjs.org/string-width 97ms (cache updated)
npm http fetch GET 200 https://registry.npmjs.org/decompress-targz 84ms (cache updated)
npm http fetch GET 200 https://registry.npmjs.org/strip-dirs 173ms (cache updated)
npm http fetch GET 200 https://registry.npmjs.org/pify 176ms (cache updated)
npm http fetch GET 200 https://registry.npmjs.org/asynckit 175ms (cache updated)
npm http fetch GET 200 https://registry.npmjs.org/make-dir 186ms (cache updated)
npm http fetch GET 200 https://registry.npmjs.org/graceful-fs 210ms (cache updated)
npm http fetch GET 200 https://registry.npmjs.org/jsonfile 194ms (cache updated)
npm http fetch GET 200 https://registry.npmjs.org/combined-stream 209ms (cache updated)
npm http fetch GET 200 https://registry.npmjs.org/mime-types 214ms (cache updated)
npm http fetch GET 200 https://registry.npmjs.org/once 73ms (cache updated)
npm http fetch GET 200 https://registry.npmjs.org/universalify 77ms (cache updated)
npm http fetch GET 200 https://registry.npmjs.org/ini 81ms (cache updated)
npm http fetch GET 200 https://registry.npmjs.org/graceful-fs 86ms (cache updated)
npm http fetch GET 200 https://registry.npmjs.org/inherits 78ms (cache updated)
npm http fetch GET 200 https://registry.npmjs.org/fs.realpath 58ms (cache updated)
npm http fetch GET 200 https://registry.npmjs.org/glob 8ms (cache hit)
npm http fetch GET 200 https://registry.npmjs.org/path-is-absolute 72ms (cache updated)
npm http fetch GET 200 https://registry.npmjs.org/minimatch 98ms (cache updated)
npm http fetch GET 200 https://registry.npmjs.org/debug 16ms (cache hit)
npm http fetch GET 200 https://registry.npmjs.org/inflight 122ms (cache updated)
npm http fetch GET 200 https://registry.npmjs.org/yargs 18ms (cache hit)
npm http fetch GET 200 https://registry.npmjs.org/ms 92ms (cache updated)
npm http fetch GET 200 https://registry.npmjs.org/he 97ms (cache updated)
npm http fetch GET 200 https://registry.npmjs.org/minimatch 16ms (cache hit)
npm http fetch GET 200 https://registry.npmjs.org/log-symbols 8ms (cache hit)
npm http fetch GET 200 https://registry.npmjs.org/diff 83ms (cache updated)
npm http fetch GET 200 https://registry.npmjs.org/find-up 72ms (cache updated)
npm http fetch GET 200 https://registry.npmjs.org/ansi-colors 63ms (cache updated)
npm http fetch GET 200 https://registry.npmjs.org/chokidar 82ms (cache updated)
npm http fetch GET 200 https://registry.npmjs.org/js-yaml 88ms (cache updated)
npm http fetch GET 200 https://registry.npmjs.org/workerpool 83ms (cache updated)
npm http fetch GET 200 https://registry.npmjs.org/@types%2fnode 270ms (cache updated)
npm http fetch GET 200 https://registry.npmjs.org/browser-stdout 128ms (cache updated)
npm http fetch GET 200 https://registry.npmjs.org/yargs-parser 148ms (cache updated)
npm http fetch GET 200 https://registry.npmjs.org/escape-string-regexp 106ms (cache updated)
npm http fetch GET 200 https://registry.npmjs.org/temp-fs 675ms (cache updated)
npm http fetch GET 200 https://registry.npmjs.org/is-retry-allowed 708ms (cache updated)
npm http fetch GET 200 https://registry.npmjs.org/yargs-unparser 125ms (cache updated)
npm http fetch GET 200 https://registry.npmjs.org/strip-json-comments 114ms (cache updated)
npm http fetch GET 200 https://registry.npmjs.org/serialize-javascript 107ms (cache updated)
npm http fetch GET 200 https://registry.npmjs.org/string-width 13ms (cache hit)
npm http fetch GET 200 https://registry.npmjs.org/lodash 16ms (cache hit)
npm http fetch GET 200 https://registry.npmjs.org/bluebird 19ms (cache hit)
npm http fetch GET 200 https://registry.npmjs.org/graceful-fs 20ms (cache hit)
npm http fetch GET 200 https://registry.npmjs.org/js-message 68ms (cache updated)
npm http fetch GET 200 https://registry.npmjs.org/semver 4ms (cache hit)
npm http fetch GET 200 https://registry.npmjs.org/duplexer2 59ms (cache updated)
npm http fetch GET 200 https://registry.npmjs.org/is-running 691ms (cache updated)
npm http fetch GET 200 https://registry.npmjs.org/slice-ansi 71ms (cache updated)
npm http fetch GET 200 https://registry.npmjs.org/pupa 69ms (cache updated)
npm http fetch GET 200 https://registry.npmjs.org/is-npm 64ms (cache updated)
npm http fetch GET 200 https://registry.npmjs.org/boxen 66ms (cache updated)
npm http fetch GET 200 https://registry.npmjs.org/is-installed-globally 7ms (cache hit)
npm http fetch GET 200 https://registry.npmjs.org/node-int64 86ms (cache updated)
npm http fetch GET 200 https://registry.npmjs.org/execa 5ms (cache hit)
npm http fetch GET 200 https://registry.npmjs.org/is-in-ci 69ms (cache updated)
npm http fetch GET 200 https://registry.npmjs.org/ajv 131ms (cache updated)
npm http fetch GET 200 https://registry.npmjs.org/import-lazy 70ms (cache updated)
npm http fetch GET 200 https://registry.npmjs.org/semver-diff 116ms (cache updated)
npm http fetch GET 200 https://registry.npmjs.org/eyes 89ms (cache updated)
npm http fetch GET 200 https://registry.npmjs.org/configstore 128ms (cache updated)
npm http fetch GET 200 https://registry.npmjs.org/xdg-basedir 105ms (cache updated)
npm http fetch GET 200 https://registry.npmjs.org/latest-version 105ms (cache updated)
npm http fetch GET 200 https://registry.npmjs.org/cycle 87ms (cache updated)
npm http fetch GET 200 https://registry.npmjs.org/find-up 8ms (cache hit)
npm http fetch GET 200 https://registry.npmjs.org/yargs-parser 3ms (cache hit)
npm http fetch GET 200 https://registry.npmjs.org/isstream 85ms (cache updated)
npm http fetch GET 200 https://registry.npmjs.org/stack-trace 86ms (cache updated)
npm http fetch GET 200 https://registry.npmjs.org/colors 103ms (cache updated)
npm http fetch GET 200 https://registry.npmjs.org/decamelize 86ms (cache updated)
npm http fetch GET 200 https://registry.npmjs.org/cliui 89ms (cache updated)
npm http fetch GET 200 https://registry.npmjs.org/set-blocking 88ms (cache updated)
npm http fetch GET 200 https://registry.npmjs.org/which-module 88ms (cache updated)
npm http fetch GET 200 https://registry.npmjs.org/get-caller-file 78ms (cache updated)
npm http fetch GET 200 https://registry.npmjs.org/y18n 95ms (cache updated)
npm http fetch GET 200 https://registry.npmjs.org/require-directory 81ms (cache updated)
npm http fetch GET 200 https://registry.npmjs.org/require-main-filename 95ms (cache updated)
npm http fetch GET 200 https://registry.npmjs.org/js-queue 706ms (cache updated)
npm http fetch GET 200 https://registry.npmjs.org/event-pubsub 734ms (cache updated)
npm http fetch GET 200 https://registry.npmjs.org/readable-stream 13ms (cache hit)
npm http fetch GET 200 https://registry.npmjs.org/inherits 16ms (cache hit)
npm http fetch GET 200 https://registry.npmjs.org/lodash.isplainobject 64ms (cache updated)
npm http fetch GET 200 https://registry.npmjs.org/bl 50ms (cache updated)
npm http fetch GET 200 https://registry.npmjs.org/lodash.flatten 71ms (cache updated)
npm http fetch GET 200 https://registry.npmjs.org/lodash.defaults 73ms (cache updated)
npm http fetch GET 200 https://registry.npmjs.org/util-deprecate 73ms (cache updated)
npm http fetch GET 200 https://registry.npmjs.org/lodash.union 75ms (cache updated)
npm http fetch GET 200 https://registry.npmjs.org/string_decoder 77ms (cache updated)
npm http fetch GET 200 https://registry.npmjs.org/lazystream 80ms (cache updated)
npm http fetch GET 200 https://registry.npmjs.org/end-of-stream 64ms (cache updated)
npm http fetch GET 200 https://registry.npmjs.org/archiver-utils 14ms (cache hit)
npm http fetch GET 200 https://registry.npmjs.org/lodash.difference 90ms (cache updated)
npm http fetch GET 200 https://registry.npmjs.org/fs-constants 68ms (cache updated)
npm http fetch GET 200 https://registry.npmjs.org/compress-commons 105ms (cache updated)
npm http fetch GET 200 https://registry.npmjs.org/normalize-path 708ms (cache updated)
npm http fetch GET 200 https://registry.npmjs.org/string_decoder 11ms (cache hit)
npm http fetch GET 200 https://registry.npmjs.org/util-deprecate 10ms (cache hit)
npm http fetch GET 200 https://registry.npmjs.org/core-util-is 62ms (cache updated)
npm http fetch GET 200 https://registry.npmjs.org/safe-buffer 71ms (cache updated)
npm http fetch GET 200 https://registry.npmjs.org/process-nextick-args 72ms (cache updated)
npm http fetch GET 200 https://registry.npmjs.org/isarray 76ms (cache updated)
npm http fetch GET 200 https://registry.npmjs.org/regenerator-runtime 82ms (cache updated)
npm http fetch GET 200 https://registry.npmjs.org/rimraf 66ms (cache updated)
npm http fetch GET 200 https://registry.npmjs.org/event-stream 82ms (cache updated)
npm http fetch GET 200 https://registry.npmjs.org/has-flag 76ms (cache updated)
npm http fetch GET 200 https://registry.npmjs.org/color-convert 96ms (cache updated)
npm http fetch GET 200 https://registry.npmjs.org/color-name 60ms (cache updated)
npm http fetch GET 200 https://registry.npmjs.org/is-fullwidth-code-point 74ms (cache updated)
npm http fetch GET 200 https://registry.npmjs.org/strip-ansi 76ms (cache updated)
npm http fetch GET 200 https://registry.npmjs.org/emoji-regex 88ms (cache updated)
npm http fetch GET 200 https://registry.npmjs.org/combined-stream 16ms (cache hit)
npm http fetch GET 200 https://registry.npmjs.org/mime-types 16ms (cache hit)
npm http fetch GET 200 https://registry.npmjs.org/isstream 17ms (cache hit)
npm http fetch GET 200 https://registry.npmjs.org/safe-buffer 7ms (cache hit)
npm http fetch GET 200 https://registry.npmjs.org/is-typedarray 62ms (cache updated)
npm http fetch GET 200 https://registry.npmjs.org/caseless 72ms (cache updated)
npm http fetch GET 200 https://registry.npmjs.org/forever-agent 75ms (cache updated)
npm http fetch GET 200 https://registry.npmjs.org/aws-sign2 78ms (cache updated)
npm http fetch GET 200 https://registry.npmjs.org/performance-now 63ms (cache updated)
npm http fetch GET 200 https://registry.npmjs.org/extend 81ms (cache updated)
npm http fetch GET 200 https://registry.npmjs.org/json-stringify-safe 85ms (cache updated)
npm http fetch GET 200 https://registry.npmjs.org/qs 76ms (cache updated)
npm http fetch GET 200 https://registry.npmjs.org/http-signature 100ms (cache updated)
npm http fetch GET 200 https://registry.npmjs.org/tough-cookie 77ms (cache updated)
npm http fetch GET 200 https://registry.npmjs.org/ansi-colors 19ms (cache hit)
npm http fetch GET 200 https://registry.npmjs.org/aws4 111ms (cache updated)
npm http fetch GET 200 https://registry.npmjs.org/tunnel-agent 61ms (cache updated)
npm http fetch GET 200 https://registry.npmjs.org/ieee754 59ms (cache updated)
npm http fetch GET 200 https://registry.npmjs.org/lodash.once 65ms (cache updated)
npm http fetch GET 200 https://registry.npmjs.org/base64-js 69ms (cache updated)
npm http fetch GET 200 https://registry.npmjs.org/is-stream 56ms (cache updated)
npm http fetch GET 200 https://registry.npmjs.org/cross-spawn 56ms (cache updated)
npm http fetch GET 200 https://registry.npmjs.org/onetime 68ms (cache updated)
npm http fetch GET 200 https://registry.npmjs.org/pify 9ms (cache hit)
npm http fetch GET 200 https://registry.npmjs.org/restore-cursor 89ms (cache updated)
npm http fetch GET 200 https://registry.npmjs.org/escape-string-regexp 8ms (cache hit)
npm http fetch GET 200 https://registry.npmjs.org/jsonfile 9ms (cache hit)
npm http fetch GET 200 https://registry.npmjs.org/signal-exit 67ms (cache updated)
npm http fetch GET 200 https://registry.npmjs.org/@colors%2fcolors 98ms (cache updated)
npm http fetch GET 200 https://registry.npmjs.org/universalify 9ms (cache hit)
npm http fetch GET 200 https://registry.npmjs.org/merge-stream 86ms (cache updated)
npm http fetch GET 200 https://registry.npmjs.org/human-signals 72ms (cache updated)
npm http fetch GET 200 https://registry.npmjs.org/strip-final-newline 70ms (cache updated)
npm http fetch GET 200 https://registry.npmjs.org/npm-run-path 77ms (cache updated)
npm http fetch GET 200 https://registry.npmjs.org/get-stream 114ms (cache updated)
npm http fetch GET 200 https://registry.npmjs.org/get-stream 61ms (cache updated)
npm http fetch GET 200 https://registry.npmjs.org/@types%2fyauzl 69ms (cache updated)
npm http fetch GET 200 https://registry.npmjs.org/is-path-inside 80ms (cache updated)
npm http fetch GET 200 https://registry.npmjs.org/at-least-node 92ms (cache updated)
npm http fetch GET 200 https://registry.npmjs.org/rfdc 86ms (cache updated)
npm http fetch GET 200 https://registry.npmjs.org/global-dirs 96ms (cache updated)
npm http fetch GET 200 https://registry.npmjs.org/through 63ms (cache updated)
npm http fetch GET 200 https://registry.npmjs.org/p-map 73ms (cache updated)
npm http fetch GET 200 https://registry.npmjs.org/colorette 94ms (cache updated)
npm http fetch GET 200 https://registry.npmjs.org/wrap-ansi 95ms (cache updated)
npm http fetch GET 200 https://registry.npmjs.org/rxjs 104ms (cache updated)
npm http fetch GET 200 https://registry.npmjs.org/log-update 98ms (cache updated)
npm http fetch GET 200 https://registry.npmjs.org/cli-truncate 90ms (cache updated)
npm http fetch GET 200 https://registry.npmjs.org/is-unicode-supported 73ms (cache updated)
npm http fetch GET 200 https://registry.npmjs.org/throttleit 78ms (cache updated)
npm http fetch GET 200 https://registry.npmjs.org/fd-slicer 81ms (cache updated)
npm http fetch GET 200 https://registry.npmjs.org/mime-db 58ms (cache updated)
npm http fetch GET 200 https://registry.npmjs.org/delayed-stream 64ms (cache updated)
npm http fetch GET 200 https://registry.npmjs.org/jsprim 66ms (cache updated)
npm http fetch GET 200 https://registry.npmjs.org/assert-plus 67ms (cache updated)
npm http fetch GET 200 https://registry.npmjs.org/side-channel 70ms (cache updated)
npm http fetch GET 200 https://registry.npmjs.org/sshpk 72ms (cache updated)
npm http fetch GET 200 https://registry.npmjs.org/tldts 121ms (cache updated)
npm http fetch GET 200 https://registry.npmjs.org/ms 5ms (cache hit)
npm http fetch GET 200 https://registry.npmjs.org/is-stream 14ms (cache hit)
npm http fetch GET 200 https://registry.npmjs.org/tar-stream 15ms (cache hit)
npm http fetch GET 200 https://registry.npmjs.org/is-stream 16ms (cache hit)
npm http fetch GET 200 https://registry.npmjs.org/is-stream 17ms (cache hit)
npm http fetch GET 200 https://registry.npmjs.org/get-stream 17ms (cache hit)
npm http fetch GET 200 https://registry.npmjs.org/file-type 99ms (cache updated)
npm http fetch GET 200 https://registry.npmjs.org/unbzip2-stream 109ms (cache updated)
npm http fetch GET 200 https://registry.npmjs.org/file-type 113ms (cache updated)
npm http fetch GET 200 https://registry.npmjs.org/seek-bzip 126ms (cache updated)
npm http fetch GET 200 https://registry.npmjs.org/file-type 139ms (cache updated)
npm http fetch GET 200 https://registry.npmjs.org/is-natural-number 139ms (cache updated)
npm http fetch GET 200 https://registry.npmjs.org/file-type 157ms (cache updated)
npm http fetch GET 200 https://registry.npmjs.org/end-of-stream 10ms (cache hit)
npm http fetch GET 200 https://registry.npmjs.org/bl 11ms (cache hit)
npm http fetch GET 200 https://registry.npmjs.org/xtend 70ms (cache updated)
npm http fetch GET 200 https://registry.npmjs.org/buffer-alloc 73ms (cache updated)
npm http fetch GET 200 https://registry.npmjs.org/to-buffer 86ms (cache updated)
npm http fetch GET 200 https://registry.npmjs.org/commander 5ms (cache hit)
npm http fetch GET 200 https://registry.npmjs.org/object-assign 65ms (cache updated)
npm http fetch GET 200 https://registry.npmjs.org/pinkie-promise 79ms (cache updated)
npm http fetch GET 200 https://registry.npmjs.org/ansi-regex 61ms (cache updated)
npm http fetch GET 200 https://registry.npmjs.org/which 68ms (cache updated)
npm http fetch GET 200 https://registry.npmjs.org/path-key 69ms (cache updated)
npm http fetch GET 200 https://registry.npmjs.org/pump 69ms (cache updated)
npm http fetch GET 200 https://registry.npmjs.org/mimic-fn 72ms (cache updated)
npm http fetch GET 200 https://registry.npmjs.org/shebang-command 73ms (cache updated)
npm http fetch GET 200 https://registry.npmjs.org/path-key 75ms (cache updated)
npm http fetch GET 200 https://registry.npmjs.org/shebang-regex 58ms (cache updated)
npm http fetch GET 200 https://registry.npmjs.org/isexe 68ms (cache updated)
npm http fetch GET 200 https://registry.npmjs.org/@types%2fnode 20ms (cache hit)
npm http fetch GET 200 https://registry.npmjs.org/undici-types 76ms (cache updated)
npm http fetch GET 200 https://registry.npmjs.org/pinkie 82ms (cache updated)
npm http fetch GET 200 https://registry.npmjs.org/wrappy 89ms (cache updated)
npm http fetch GET 200 https://registry.npmjs.org/wrappy 91ms (cache updated)
npm http fetch GET 200 https://registry.npmjs.org/brace-expansion 94ms (cache updated)
npm http fetch GET 200 https://registry.npmjs.org/extsprintf 89ms (cache updated)
npm http fetch GET 200 https://registry.npmjs.org/ecc-jsbn 91ms (cache updated)
npm http fetch GET 200 https://registry.npmjs.org/getpass 92ms (cache updated)
npm http fetch GET 200 https://registry.npmjs.org/safer-buffer 92ms (cache updated)
npm http fetch GET 200 https://registry.npmjs.org/dashdash 95ms (cache updated)
npm http fetch GET 200 https://registry.npmjs.org/asn1 96ms (cache updated)
npm http fetch GET 200 https://registry.npmjs.org/json-schema 98ms (cache updated)
npm http fetch GET 200 https://registry.npmjs.org/jsbn 98ms (cache updated)
npm http fetch GET 200 https://registry.npmjs.org/verror 100ms (cache updated)
npm http fetch GET 200 https://registry.npmjs.org/bcrypt-pbkdf 100ms (cache updated)
npm http fetch GET 200 https://registry.npmjs.org/tweetnacl 105ms (cache updated)
npm http fetch GET 200 https://registry.npmjs.org/ini 4ms (cache hit)
npm http fetch GET 200 https://registry.npmjs.org/core-util-is 2ms (cache hit)
npm http fetch GET 200 https://registry.npmjs.org/wrap-ansi 7ms (cache hit)
npm http fetch GET 200 https://registry.npmjs.org/slice-ansi 9ms (cache hit)
npm http fetch GET 200 https://registry.npmjs.org/slice-ansi 11ms (cache hit)
npm http fetch GET 200 https://registry.npmjs.org/tslib 66ms (cache updated)
npm http fetch GET 200 https://registry.npmjs.org/ansi-escapes 67ms (cache updated)
npm http fetch GET 200 https://registry.npmjs.org/aggregate-error 69ms (cache updated)
npm http fetch GET 200 https://registry.npmjs.org/astral-regex 58ms (cache updated)
npm http fetch GET 200 https://registry.npmjs.org/type-fest 59ms (cache updated)
npm http fetch GET 200 https://registry.npmjs.org/balanced-match 60ms (cache updated)
npm http fetch GET 200 https://registry.npmjs.org/concat-map 65ms (cache updated)
npm http fetch GET 200 https://registry.npmjs.org/brace-expansion 14ms (cache hit)
npm http fetch GET 200 https://registry.npmjs.org/glob-parent 73ms (cache updated)
npm http fetch GET 200 https://registry.npmjs.org/is-glob 76ms (cache updated)
npm http fetch GET 200 https://registry.npmjs.org/fsevents 79ms (cache updated)
npm http fetch GET 200 https://registry.npmjs.org/argparse 81ms (cache updated)
npm http fetch GET 200 https://registry.npmjs.org/locate-path 82ms (cache updated)
npm http fetch GET 200 https://registry.npmjs.org/randombytes 68ms (cache updated)
npm http fetch GET 200 https://registry.npmjs.org/path-exists 84ms (cache updated)
npm http fetch GET 200 https://registry.npmjs.org/readdirp 86ms (cache updated)
npm http fetch GET 200 https://registry.npmjs.org/braces 88ms (cache updated)
npm http fetch GET 200 https://registry.npmjs.org/anymatch 89ms (cache updated)
npm http fetch GET 200 https://registry.npmjs.org/y18n 19ms (cache hit)
npm http fetch GET 200 https://registry.npmjs.org/cliui 20ms (cache hit)
npm http fetch GET 200 https://registry.npmjs.org/decamelize 15ms (cache hit)
npm http fetch GET 200 https://registry.npmjs.org/get-caller-file 17ms (cache hit)
npm http fetch GET 200 https://registry.npmjs.org/is-binary-path 100ms (cache updated)
npm http fetch GET 200 https://registry.npmjs.org/escalade 66ms (cache updated)
npm http fetch GET 200 https://registry.npmjs.org/camelcase 66ms (cache updated)
npm http fetch GET 200 https://registry.npmjs.org/is-plain-obj 78ms (cache updated)
npm http fetch GET 200 https://registry.npmjs.org/flat 96ms (cache updated)
npm http fetch GET 200 https://registry.npmjs.org/is-glob 8ms (cache hit)
npm http fetch GET 200 https://registry.npmjs.org/fill-range 63ms (cache updated)
npm http fetch GET 200 https://registry.npmjs.org/is-extglob 64ms (cache updated)
npm http fetch GET 200 https://registry.npmjs.org/binary-extensions 69ms (cache updated)
npm http fetch GET 200 https://registry.npmjs.org/picomatch 72ms (cache updated)
npm http fetch GET 200 https://registry.npmjs.org/picomatch 81ms (cache updated)
npm http fetch GET 200 https://registry.npmjs.org/to-regex-range 73ms (cache updated)
npm http fetch GET 200 https://registry.npmjs.org/is-number 71ms (cache updated)
npm http fetch GET 200 https://registry.npmjs.org/p-locate 63ms (cache updated)
npm http fetch GET 200 https://registry.npmjs.org/p-limit 71ms (cache updated)
npm http fetch GET 200 https://registry.npmjs.org/easy-stack 81ms (cache updated)
npm http fetch GET 200 https://registry.npmjs.org/yocto-queue 89ms (cache updated)
npm http fetch GET 200 https://registry.npmjs.org/clean-stack 72ms (cache updated)
npm http fetch GET 200 https://registry.npmjs.org/indent-string 83ms (cache updated)
npm http fetch GET 200 https://registry.npmjs.org/duplexer 66ms (cache updated)
npm http fetch GET 200 https://registry.npmjs.org/pause-stream 65ms (cache updated)
npm http fetch GET 200 https://registry.npmjs.org/split 67ms (cache updated)
npm http fetch GET 200 https://registry.npmjs.org/map-stream 69ms (cache updated)
npm http fetch GET 200 https://registry.npmjs.org/stream-combiner 69ms (cache updated)
npm http fetch GET 200 https://registry.npmjs.org/from 71ms (cache updated)
npm http fetch GET 200 https://registry.npmjs.org/side-channel-weakmap 57ms (cache updated)
npm http fetch GET 200 https://registry.npmjs.org/es-errors 59ms (cache updated)
npm http fetch GET 200 https://registry.npmjs.org/side-channel-list 65ms (cache updated)
npm http fetch GET 200 https://registry.npmjs.org/object-inspect 83ms (cache updated)
npm http fetch GET 200 https://registry.npmjs.org/side-channel-map 84ms (cache updated)
npm http fetch GET 200 https://registry.npmjs.org/get-intrinsic 62ms (cache updated)
npm http fetch GET 200 https://registry.npmjs.org/call-bound 63ms (cache updated)
npm http fetch GET 200 https://registry.npmjs.org/call-bound 63ms (cache updated)
npm http fetch GET 200 https://registry.npmjs.org/get-intrinsic 78ms (cache updated)
npm http fetch GET 200 https://registry.npmjs.org/get-intrinsic 14ms (cache hit)
npm http fetch GET 200 https://registry.npmjs.org/get-proto 63ms (cache miss)
npm http fetch GET 200 https://registry.npmjs.org/call-bind-apply-helpers 69ms (cache updated)
npm http fetch GET 200 https://registry.npmjs.org/hasown 69ms (cache updated)
npm http fetch GET 200 https://registry.npmjs.org/es-object-atoms 70ms (cache updated)
npm http fetch GET 200 https://registry.npmjs.org/has-symbols 70ms (cache updated)
npm http fetch GET 200 https://registry.npmjs.org/gopd 71ms (cache updated)
npm http fetch GET 200 https://registry.npmjs.org/es-define-property 73ms (cache updated)
npm http fetch GET 200 https://registry.npmjs.org/math-intrinsics 77ms (cache updated)
npm http fetch GET 200 https://registry.npmjs.org/function-bind 79ms (cache updated)
npm http fetch GET 200 https://registry.npmjs.org/call-bind-apply-helpers 107ms (cache updated)
npm http fetch GET 200 https://registry.npmjs.org/dunder-proto 71ms (cache updated)
npm http fetch GET 200 https://registry.npmjs.org/safer-buffer 6ms (cache hit)
npm http fetch GET 200 https://registry.npmjs.org/tweetnacl 6ms (cache hit)
npm http fetch GET 200 https://registry.npmjs.org/safer-buffer 7ms (cache hit)
npm http fetch GET 200 https://registry.npmjs.org/astral-regex 11ms (cache hit)
npm http fetch GET 200 https://registry.npmjs.org/is-fullwidth-code-point 11ms (cache hit)
npm http fetch GET 200 https://registry.npmjs.org/ansi-styles 12ms (cache hit)
npm http fetch GET 200 https://registry.npmjs.org/strip-ansi 13ms (cache hit)
npm http fetch GET 200 https://registry.npmjs.org/is-fullwidth-code-point 13ms (cache hit)
npm http fetch GET 200 https://registry.npmjs.org/emoji-regex 14ms (cache hit)
npm http fetch GET 200 https://registry.npmjs.org/fast-json-stable-stringify 67ms (cache updated)
npm http fetch GET 200 https://registry.npmjs.org/fast-deep-equal 68ms (cache updated)
npm http fetch GET 200 https://registry.npmjs.org/uri-js 80ms (cache updated)
npm http fetch GET 200 https://registry.npmjs.org/json-schema-traverse 81ms (cache updated)
npm http fetch GET 200 https://registry.npmjs.org/punycode 63ms (cache updated)
npm http fetch GET 200 https://registry.npmjs.org/tldts-core 142ms (cache updated)
npm http fetch GET 200 https://registry.npmjs.org/type-fest 12ms (cache hit)
npm http fetch GET 200 https://registry.npmjs.org/camelcase 17ms (cache hit)
npm http fetch GET 200 https://registry.npmjs.org/xdg-basedir 16ms (cache hit)
npm http fetch GET 200 https://registry.npmjs.org/ansi-align 72ms (cache updated)
npm http fetch GET 200 https://registry.npmjs.org/widest-line 72ms (cache updated)
npm http fetch GET 200 https://registry.npmjs.org/write-file-atomic 71ms (cache updated)
npm http fetch GET 200 https://registry.npmjs.org/dot-prop 74ms (cache updated)
npm http fetch GET 200 https://registry.npmjs.org/package-json 76ms (cache updated)
npm http fetch GET 200 https://registry.npmjs.org/unique-string 78ms (cache updated)
npm http fetch GET 200 https://registry.npmjs.org/cli-boxes 80ms (cache updated)
npm http fetch GET 200 https://registry.npmjs.org/escape-goat 114ms (cache updated)
npm http fetch GET 200 https://registry.npmjs.org/eastasianwidth 178ms (cache updated)
npm http fetch GET 200 https://registry.npmjs.org/imurmurhash 55ms (cache updated)
npm http fetch GET 200 https://registry.npmjs.org/is-obj 62ms (cache updated)
npm http fetch GET 200 https://registry.npmjs.org/crypto-random-string 65ms (cache updated)
npm http fetch GET 200 https://registry.npmjs.org/typedarray-to-buffer 70ms (cache updated)
npm http fetch GET 200 https://registry.npmjs.org/got 78ms (cache updated)
npm http fetch GET 200 https://registry.npmjs.org/registry-auth-token 84ms (cache updated)
npm http fetch GET 200 https://registry.npmjs.org/registry-url 289ms (cache updated)
npm http fetch GET 200 https://registry.npmjs.org/responselike 69ms (cache updated)
npm http fetch GET 200 https://registry.npmjs.org/decompress-response 69ms (cache updated)
npm http fetch GET 200 https://registry.npmjs.org/cacheable-lookup 70ms (cache updated)
npm http fetch GET 200 https://registry.npmjs.org/form-data-encoder 73ms (cache updated)
npm http fetch GET 200 https://registry.npmjs.org/http2-wrapper 78ms (cache updated)
npm http fetch GET 200 https://registry.npmjs.org/lowercase-keys 84ms (cache updated)
npm http fetch GET 200 https://registry.npmjs.org/p-cancelable 86ms (cache updated)
npm http fetch GET 200 https://registry.npmjs.org/cacheable-request 88ms (cache updated)
npm http fetch GET 200 https://registry.npmjs.org/@sindresorhus%2fis 108ms (cache updated)
npm http fetch GET 200 https://registry.npmjs.org/@pnpm%2fnpm-conf 110ms (cache updated)
npm http fetch GET 200 https://registry.npmjs.org/rc 82ms (cache updated)
npm http fetch GET 200 https://registry.npmjs.org/@szmarczak%2fhttp-timer 280ms (cache updated)
npm http fetch GET 200 https://registry.npmjs.org/keyv 64ms (cache updated)
npm http fetch GET 200 https://registry.npmjs.org/http-cache-semantics 69ms (cache updated)
npm http fetch GET 200 https://registry.npmjs.org/mimic-response 83ms (cache updated)
npm http fetch GET 200 https://registry.npmjs.org/defer-to-connect 92ms (cache updated)
npm http fetch GET 200 https://registry.npmjs.org/resolve-alpn 97ms (cache updated)
npm http fetch GET 200 https://registry.npmjs.org/normalize-url 100ms (cache updated)
npm http fetch GET 200 https://registry.npmjs.org/quick-lru 103ms (cache updated)
npm http fetch GET 200 https://registry.npmjs.org/@types%2fhttp-cache-semantics 116ms (cache updated)
npm http fetch GET 200 https://registry.npmjs.org/mimic-response 123ms (cache updated)
npm http fetch GET 200 https://registry.npmjs.org/json-buffer 69ms (cache updated)
npm http fetch GET 200 https://registry.npmjs.org/config-chain 72ms (cache updated)
npm http fetch GET 200 https://registry.npmjs.org/@pnpm%2fnetwork.ca-file 108ms (cache updated)
npm http fetch GET 200 https://registry.npmjs.org/@pnpm%2fconfig.env-replace 110ms (cache updated)
npm http fetch GET 200 https://registry.npmjs.org/proto-list 71ms (cache updated)
npm http fetch GET 200 https://registry.npmjs.org/strip-json-comments 8ms (cache hit)
npm http fetch GET 200 https://registry.npmjs.org/deep-extend 88ms (cache updated)
npm http fetch GET 200 https://registry.npmjs.org/human-signals 14ms (cache hit)
npm http fetch GET 200 https://registry.npmjs.org/locate-path 6ms (cache hit)
npm http fetch GET 200 https://registry.npmjs.org/ansi-regex 4ms (cache hit)
npm http fetch GET 200 https://registry.npmjs.org/pend 64ms (cache updated)
npm http fetch GET 200 https://registry.npmjs.org/crc32-stream 76ms (cache updated)
npm http fetch GET 200 https://registry.npmjs.org/crc-32 57ms (cache updated)
npm http fetch GET 200 https://registry.npmjs.org/color-convert 5ms (cache hit)
npm http fetch GET 200 https://registry.npmjs.org/color-name 3ms (cache hit)
npm http fetch GET 200 https://registry.npmjs.org/buffer-alloc-unsafe 67ms (cache updated)
npm http fetch GET 200 https://registry.npmjs.org/buffer-fill 68ms (cache updated)
npm http fetch GET 200 https://registry.npmjs.org/p-locate 5ms (cache hit)
npm http fetch GET 200 https://registry.npmjs.org/path-exists 6ms (cache hit)
npm http fetch GET 200 https://registry.npmjs.org/p-limit 3ms (cache hit)
npm http fetch GET 200 https://registry.npmjs.org/p-try 74ms (cache updated)
npm verbose reify failed optional dependency C:\automacao2\tmpBstackPackages\node_modules\fsevents
npm http fetch POST 200 https://registry.npmjs.org/-/npm/v1/security/advisories/bulk 488ms
npm http fetch GET 200 https://registry.npmjs.org/get-intrinsic/-/get-intrinsic-1.2.7.tgz 804ms (cache miss)
npm http fetch GET 200 https://registry.npmjs.org/math-intrinsics/-/math-intrinsics-1.1.0.tgz 809ms (cache miss)
npm http fetch GET 200 https://registry.npmjs.org/get-proto/-/get-proto-1.0.1.tgz 810ms (cache miss)
npm warn deprecated inflight@1.0.6: This module is not supported, and leaks memory. Do not use it. Check out lru-cache if you want a good and tested way to coalesce async requests by a key value, which is much more comprehensive and powerful.
npm warn deprecated rimraf@2.5.4: Rimraf versions prior to v4 are no longer supported
npm warn deprecated glob@7.2.3: Glob versions prior to v9 are no longer supported
npm warn deprecated glob@8.1.0: Glob versions prior to v9 are no longer supported
npm http fetch GET 200 https://registry.npmjs.org/tldts-core/-/tldts-core-6.1.71.tgz 1940ms (cache miss)
npm http fetch GET 200 https://registry.npmjs.org/tldts/-/tldts-6.1.71.tgz 1962ms (cache miss)
npm http fetch GET 200 https://registry.npmjs.org/@types/node/-/node-22.10.5.tgz 2026ms (cache miss)
npm info run cypress@13.17.0 postinstall node_modules/cypress node index.js --exec install
npm info run cypress@13.17.0 postinstall { code: 0, signal: null }

added 466 packages, and audited 467 packages in 16s

96 packages are looking for funding
  run `npm fund` for details

found 0 vulnerabilities
npm verbose cwd C:\automacao2\tmpBstackPackages
npm verbose os Windows_NT 10.0.22631
npm verbose node v22.11.0
npm verbose npm  v10.9.0
npm verbose exit 0
npm info ok
